build/app/intermediates/manifest_merge_blame_file/debug/manifest-merger-blame-debug-report.txt
1<?xml version="1.0" encoding="utf-8"?>
2<manifest xmlns:android="http://schemas.android.com/apk/res/android"
3    package="com.example.flutter_mall"
4    android:versionCode="1"
5    android:versionName="1.0.0" >
6
7    <uses-sdk
8        android:minSdkVersion="19"
9        android:targetSdkVersion="33" />
10    <!--
11         The INTERNET permission is required for development. Specifically,
12         the Flutter tool needs it to communicate with the running application
13         to allow setting breakpoints, to provide hot reload, etc.
14    -->
15    <uses-permission android:name="android.permission.INTERNET" />
15-->src/debug/AndroidManifest.xml:6:5-66
15-->src/debug/AndroidManifest.xml:6:22-64
16
17    <queries>
17-->[com.alipay.sdk:alipaysdk-android:15.8.14] AndroidManifest.xml:9:5-19:15
18        <intent> <!-- H5 支持手淘登录 -->
18-->[com.alipay.sdk:alipaysdk-android:15.8.14] AndroidManifest.xml:10:9-14:18
19            <action android:name="*" />
19-->[com.alipay.sdk:alipaysdk-android:15.8.14] AndroidManifest.xml:11:13-40
19-->[com.alipay.sdk:alipaysdk-android:15.8.14] AndroidManifest.xml:11:21-37
20
21            <data android:scheme="tbopen" />
21-->[com.alipay.sdk:alipaysdk-android:15.8.14] AndroidManifest.xml:13:13-45
21-->[com.alipay.sdk:alipaysdk-android:15.8.14] AndroidManifest.xml:13:19-42
22        </intent>
23
24        <package android:name="com.eg.android.AlipayGphone" /> <!-- 支付宝 app -->
24-->[com.alipay.sdk:alipaysdk-android:15.8.14] AndroidManifest.xml:16:9-63
24-->[com.alipay.sdk:alipaysdk-android:15.8.14] AndroidManifest.xml:16:18-60
25        <package android:name="com.eg.android.AlipayGphoneRC" /> <!-- 沙箱支付宝 app -->
25-->[com.alipay.sdk:alipaysdk-android:15.8.14] AndroidManifest.xml:17:9-65
25-->[com.alipay.sdk:alipaysdk-android:15.8.14] AndroidManifest.xml:17:18-62
26        <package android:name="hk.alipay.wallet" /> <!-- 香港版支付宝 app -->
26-->[com.alipay.sdk:alipaysdk-android:15.8.14] AndroidManifest.xml:18:9-52
26-->[com.alipay.sdk:alipaysdk-android:15.8.14] AndroidManifest.xml:18:18-49
27    </queries>
28
29    <supports-screens
29-->[com.alipay.sdk:alipaysdk-android:15.8.14] AndroidManifest.xml:21:5-26:39
30        android:anyDensity="true"
30-->[com.alipay.sdk:alipaysdk-android:15.8.14] AndroidManifest.xml:22:9-34
31        android:largeScreens="true"
31-->[com.alipay.sdk:alipaysdk-android:15.8.14] AndroidManifest.xml:23:9-36
32        android:normalScreens="true"
32-->[com.alipay.sdk:alipaysdk-android:15.8.14] AndroidManifest.xml:24:9-37
33        android:resizeable="true"
33-->[com.alipay.sdk:alipaysdk-android:15.8.14] AndroidManifest.xml:25:9-34
34        android:smallScreens="true" />
34-->[com.alipay.sdk:alipaysdk-android:15.8.14] AndroidManifest.xml:26:9-36
35
36    <uses-permission android:name="android.permission.ACCESS_NETWORK_STATE" />
36-->[com.alipay.sdk:alipaysdk-android:15.8.14] AndroidManifest.xml:29:5-79
36-->[com.alipay.sdk:alipaysdk-android:15.8.14] AndroidManifest.xml:29:22-76
37    <uses-permission android:name="android.permission.ACCESS_WIFI_STATE" />
37-->[com.alipay.sdk:alipaysdk-android:15.8.14] AndroidManifest.xml:30:5-76
37-->[com.alipay.sdk:alipaysdk-android:15.8.14] AndroidManifest.xml:30:22-73
38
39    <application
40        android:name="android.app.Application"
41        android:appComponentFactory="androidx.core.app.CoreComponentFactory"
41-->[androidx.core:core:1.6.0] AndroidManifest.xml:24:18-86
42        android:debuggable="true"
43        android:icon="@mipmap/ic_launcher"
44        android:label="flutter_mall" >
45        <activity
46            android:name="com.example.flutter_mall.MainActivity"
47            android:configChanges="orientation|keyboardHidden|keyboard|screenSize|smallestScreenSize|locale|layoutDirection|fontScale|screenLayout|density|uiMode"
48            android:exported="true"
49            android:hardwareAccelerated="true"
50            android:launchMode="singleTop"
51            android:theme="@style/LaunchTheme"
52            android:windowSoftInputMode="adjustResize" >
53
54            <!--
55                 Specifies an Android theme to apply to this Activity as soon as
56                 the Android process has started. This theme is visible to the user
57                 while the Flutter UI initializes. After that, this theme continues
58                 to determine the Window background behind the Flutter UI.
59            -->
60            <meta-data
61                android:name="io.flutter.embedding.android.NormalTheme"
62                android:resource="@style/NormalTheme" />
63
64            <intent-filter>
65                <action android:name="android.intent.action.MAIN" />
66
67                <category android:name="android.intent.category.LAUNCHER" />
68            </intent-filter>
69        </activity>
70        <!--
71             Don't delete the meta-data below.
72             This is used by the Flutter tool to generate GeneratedPluginRegistrant.java
73        -->
74        <meta-data
75            android:name="flutterEmbedding"
76            android:value="2" />
77
78        <uses-library
78-->[androidx.window:window:1.0.0-beta04] AndroidManifest.xml:25:9-27:40
79            android:name="androidx.window.extensions"
79-->[androidx.window:window:1.0.0-beta04] AndroidManifest.xml:26:13-54
80            android:required="false" />
80-->[androidx.window:window:1.0.0-beta04] AndroidManifest.xml:27:13-37
81        <uses-library
81-->[androidx.window:window:1.0.0-beta04] AndroidManifest.xml:28:9-30:40
82            android:name="androidx.window.sidecar"
82-->[androidx.window:window:1.0.0-beta04] AndroidManifest.xml:29:13-51
83            android:required="false" />
83-->[androidx.window:window:1.0.0-beta04] AndroidManifest.xml:30:13-37
84        <uses-library
84-->[com.alipay.sdk:alipaysdk-android:15.8.14] AndroidManifest.xml:33:9-35:40
85            android:name="org.apache.http.legacy"
85-->[com.alipay.sdk:alipaysdk-android:15.8.14] AndroidManifest.xml:34:13-50
86            android:required="false" />
86-->[com.alipay.sdk:alipaysdk-android:15.8.14] AndroidManifest.xml:35:13-37
87
88        <activity
88-->[com.alipay.sdk:alipaysdk-android:15.8.14] AndroidManifest.xml:37:9-42:20
89            android:name="com.alipay.sdk.app.H5PayActivity"
89-->[com.alipay.sdk:alipaysdk-android:15.8.14] AndroidManifest.xml:38:13-60
90            android:configChanges="orientation|keyboardHidden|navigation|screenSize|locale|keyboard|screenLayout|density|fontScale|layoutDirection|smallestScreenSize"
90-->[com.alipay.sdk:alipaysdk-android:15.8.14] AndroidManifest.xml:39:13-167
91            android:exported="false"
91-->[com.alipay.sdk:alipaysdk-android:15.8.14] AndroidManifest.xml:40:13-37
92            android:theme="@android:style/Theme.NoTitleBar" >
92-->[com.alipay.sdk:alipaysdk-android:15.8.14] AndroidManifest.xml:41:13-60
93        </activity>
94        <activity
94-->[com.alipay.sdk:alipaysdk-android:15.8.14] AndroidManifest.xml:43:9-48:20
95            android:name="com.alipay.sdk.app.H5AuthActivity"
95-->[com.alipay.sdk:alipaysdk-android:15.8.14] AndroidManifest.xml:44:13-61
96            android:configChanges="orientation|keyboardHidden|navigation|screenSize|locale|keyboard|screenLayout|density|fontScale|layoutDirection|smallestScreenSize"
96-->[com.alipay.sdk:alipaysdk-android:15.8.14] AndroidManifest.xml:45:13-167
97            android:exported="false"
97-->[com.alipay.sdk:alipaysdk-android:15.8.14] AndroidManifest.xml:46:13-37
98            android:theme="@android:style/Theme.NoTitleBar" >
98-->[com.alipay.sdk:alipaysdk-android:15.8.14] AndroidManifest.xml:47:13-60
99        </activity>
100        <activity
100-->[com.alipay.sdk:alipaysdk-android:15.8.14] AndroidManifest.xml:49:9-55:20
101            android:name="com.alipay.sdk.app.PayResultActivity"
101-->[com.alipay.sdk:alipaysdk-android:15.8.14] AndroidManifest.xml:50:13-64
102            android:configChanges="orientation|keyboardHidden|navigation|screenSize|locale|keyboard|screenLayout|density|fontScale|layoutDirection|smallestScreenSize"
102-->[com.alipay.sdk:alipaysdk-android:15.8.14] AndroidManifest.xml:51:13-167
103            android:exported="true"
103-->[com.alipay.sdk:alipaysdk-android:15.8.14] AndroidManifest.xml:52:13-36
104            android:launchMode="singleInstance"
104-->[com.alipay.sdk:alipaysdk-android:15.8.14] AndroidManifest.xml:53:13-48
105            android:theme="@android:style/Theme.Translucent.NoTitleBar" >
105-->[com.alipay.sdk:alipaysdk-android:15.8.14] AndroidManifest.xml:54:13-72
106        </activity>
107        <activity
107-->[com.alipay.sdk:alipaysdk-android:15.8.14] AndroidManifest.xml:56:9-62:20
108            android:name="com.alipay.sdk.app.AlipayResultActivity"
108-->[com.alipay.sdk:alipaysdk-android:15.8.14] AndroidManifest.xml:57:13-67
109            android:configChanges="orientation|keyboardHidden|navigation|screenSize|locale|keyboard|screenLayout|density|fontScale|layoutDirection|smallestScreenSize"
109-->[com.alipay.sdk:alipaysdk-android:15.8.14] AndroidManifest.xml:58:13-167
110            android:exported="true"
110-->[com.alipay.sdk:alipaysdk-android:15.8.14] AndroidManifest.xml:59:13-36
111            android:launchMode="singleTask"
111-->[com.alipay.sdk:alipaysdk-android:15.8.14] AndroidManifest.xml:60:13-44
112            android:theme="@android:style/Theme.Translucent.NoTitleBar" >
112-->[com.alipay.sdk:alipaysdk-android:15.8.14] AndroidManifest.xml:61:13-72
113        </activity>
114        <activity
114-->[com.alipay.sdk:alipaysdk-android:15.8.14] AndroidManifest.xml:63:9-69:20
115            android:name="com.alipay.sdk.app.H5OpenAuthActivity"
115-->[com.alipay.sdk:alipaysdk-android:15.8.14] AndroidManifest.xml:64:13-65
116            android:configChanges="orientation|keyboardHidden|navigation|screenSize|locale|keyboard|screenLayout|density|fontScale|layoutDirection|smallestScreenSize"
116-->[com.alipay.sdk:alipaysdk-android:15.8.14] AndroidManifest.xml:65:13-167
117            android:exported="false"
117-->[com.alipay.sdk:alipaysdk-android:15.8.14] AndroidManifest.xml:66:13-37
118            android:screenOrientation="behind"
118-->[com.alipay.sdk:alipaysdk-android:15.8.14] AndroidManifest.xml:67:13-47
119            android:windowSoftInputMode="adjustResize|stateHidden" >
119-->[com.alipay.sdk:alipaysdk-android:15.8.14] AndroidManifest.xml:68:13-67
120        </activity>
121        <activity
121-->[com.alipay.sdk:alipaysdk-android:15.8.14] AndroidManifest.xml:70:9-75:20
122            android:name="com.alipay.sdk.app.APayEntranceActivity"
122-->[com.alipay.sdk:alipaysdk-android:15.8.14] AndroidManifest.xml:71:13-67
123            android:configChanges="orientation|keyboardHidden|navigation|screenSize|locale|keyboard|screenLayout|density|fontScale|layoutDirection|smallestScreenSize"
123-->[com.alipay.sdk:alipaysdk-android:15.8.14] AndroidManifest.xml:72:13-167
124            android:exported="false"
124-->[com.alipay.sdk:alipaysdk-android:15.8.14] AndroidManifest.xml:73:13-37
125            android:theme="@android:style/Theme.Translucent.NoTitleBar" >
125-->[com.alipay.sdk:alipaysdk-android:15.8.14] AndroidManifest.xml:74:13-72
126        </activity>
127    </application>
128
129</manifest>